2025-06-23T11:09:00Z user117 FreeBSD
2025-06-23T11:38:00Z user135 iOS
2025-06-23T09:31:00Z user134 ChromeOS
2025-06-23T12:46:00Z user127 iOS
2025-06-23T10:16:00Z user144 Linux
2025-06-23T09:48:00Z user131 Linux
2025-06-23T13:11:00Z user112 Android
2025-06-23T13:31:00Z user142 Android
2025-06-23T11:39:00Z user142 FreeBSD
2025-06-23T10:42:00Z user110 ChromeOS
2025-06-23T13:25:00Z user125 iOS
2025-06-23T11:48:00Z user116 Android
2025-06-23T11:30:00Z user102 ChromeOS
2025-06-23T11:02:00Z user120 Linux
2025-06-23T10:13:00Z user114 FreeBSD
2025-06-23T11:06:00Z user130 Linux
2025-06-23T13:08:00Z user144 Linux
2025-06-23T10:21:00Z user116 Android
2025-06-23T09:33:00Z user140 Linux
2025-06-23T09:22:00Z user106 ChromeOS
2025-06-23T12:24:00Z user104 Linux
2025-06-23T09:45:00Z user105 ChromeOS
2025-06-23T10:07:00Z user112 macOS
2025-06-23T12:42:00Z user109 ChromeOS
2025-06-23T11:16:00Z user145 ChromeOS
2025-06-23T10:38:00Z user110 iOS
2025-06-23T11:01:00Z user101 Linux
2025-06-23T12:12:00Z user131 Windows
2025-06-23T09:18:00Z user114 ChromeOS
2025-06-23T13:35:00Z user127 Android
2025-06-23T14:00:00Z user107 FreeBSD
2025-06-23T13:26:00Z user140 ChromeOS
2025-06-23T09:20:00Z user140 iOS
2025-06-23T12:26:00Z user122 Windows
2025-06-23T11:36:00Z user112 Linux
2025-06-23T11:03:00Z user107 Windows
2025-06-23T09:59:00Z user130 Windows
2025-06-23T11:23:00Z user137 ChromeOS
2025-06-23T13:23:00Z user108 macOS
2025-06-23T10:14:00Z user134 Windows
2025-06-23T10:22:00Z user138 iOS
2025-06-23T13:35:00Z user100 iOS
2025-06-23T09:51:00Z user147 FreeBSD
2025-06-23T10:01:00Z user120 FreeBSD
2025-06-23T12:55:00Z user134 Android
2025-06-23T13:40:00Z user142 macOS
2025-06-23T10:49:00Z user140 iOS
2025-06-23T11:45:00Z user133 Windows
2025-06-23T09:43:00Z user129 ChromeOS
2025-06-23T13:41:00Z user130 iOS
2025-06-23T12:48:00Z user138 FreeBSD
2025-06-23T09:25:00Z user131 Android
2025-06-23T12:48:00Z user148 Android
2025-06-23T13:01:00Z user119 FreeBSD
2025-06-23T09:05:00Z user135 iOS
2025-06-23T13:04:00Z user120 iOS
2025-06-23T10:47:00Z user111 Android
2025-06-23T13:08:00Z user128 macOS
2025-06-23T09:31:00Z user133 Linux
2025-06-23T12:52:00Z user134 macOS
2025-06-23T11:39:00Z user129 iOS
2025-06-23T12:06:00Z user102 iOS
2025-06-23T10:05:00Z user143 ChromeOS
2025-06-23T09:27:00Z user128 Windows
2025-06-23T10:08:00Z user122 FreeBSD
2025-06-23T11:28:00Z user104 Linux
2025-06-23T09:26:00Z user117 ChromeOS
2025-06-23T13:27:00Z user122 macOS
2025-06-23T11:51:00Z user116 iOS
2025-06-23T09:57:00Z user128 Windows
2025-06-23T10:29:00Z user130 Linux
2025-06-23T12:16:00Z user108 ChromeOS
2025-06-23T11:43:00Z user110 Windows
2025-06-23T13:57:00Z user110 FreeBSD
2025-06-23T13:31:00Z user139 FreeBSD
2025-06-23T13:44:00Z user113 Windows
2025-06-23T13:50:00Z user129 FreeBSD
2025-06-23T09:32:00Z user131 Android
2025-06-23T09:15:00Z user127 Android
2025-06-23T09:31:00Z user137 FreeBSD
2025-06-23T11:59:00Z user103 Linux
2025-06-23T10:27:00Z user146 iOS
2025-06-23T11:49:00Z user138 Linux
2025-06-23T11:42:00Z user118 FreeBSD
2025-06-23T13:22:00Z user134 Windows
2025-06-23T11:59:00Z user143 Linux
2025-06-23T09:53:00Z user111 FreeBSD
2025-06-23T11:15:00Z user108 Linux
2025-06-23T09:45:00Z user111 macOS
2025-06-23T13:44:00Z user130 FreeBSD
2025-06-23T09:55:00Z user110 macOS
2025-06-23T13:35:00Z user123 Linux
2025-06-23T11:44:00Z user143 iOS
2025-06-23T13:05:00Z user118 Android
2025-06-23T10:36:00Z user137 FreeBSD
2025-06-23T12:36:00Z user120 FreeBSD
2025-06-23T13:26:00Z user143 Android
2025-06-23T14:00:00Z user130 FreeBSD
2025-06-23T13:26:00Z user115 FreeBSD
2025-06-23T09:42:00Z user144 Android
2025-06-23T09:28:00Z user101 Android
2025-06-23T13:52:00Z user144 Android
2025-06-23T12:00:00Z user144 iOS
2025-06-23T11:33:00Z user126 iOS
2025-06-23T10:57:00Z user134 Linux
2025-06-23T10:11:00Z user131 Android
2025-06-23T12:49:00Z user131 macOS
2025-06-23T13:13:00Z user125 Android
2025-06-23T13:43:00Z user148 Android
2025-06-23T11:19:00Z user132 FreeBSD
2025-06-23T13:50:00Z user102 FreeBSD
2025-06-23T10:22:00Z user105 Linux
2025-06-23T13:59:00Z user138 macOS
2025-06-23T11:17:00Z user117 macOS
2025-06-23T11:18:00Z user106 Android
2025-06-23T10:44:00Z user115 iOS
2025-06-23T10:50:00Z user134 ChromeOS
2025-06-23T12:31:00Z user134 macOS
2025-06-23T12:53:00Z user139 Linux
2025-06-23T11:42:00Z user108 Windows
2025-06-23T12:13:00Z user113 Android
2025-06-23T12:14:00Z user103 FreeBSD
2025-06-23T13:47:00Z user131 ChromeOS
2025-06-23T09:40:00Z user118 iOS
2025-06-23T10:12:00Z user111 Android
2025-06-23T09:28:00Z user110 macOS
2025-06-23T12:17:00Z user110 ChromeOS
2025-06-23T10:53:00Z user122 macOS
2025-06-23T09:41:00Z user107 Android
2025-06-23T12:11:00Z user111 macOS
2025-06-23T13:10:00Z user135 Linux
2025-06-23T09:51:00Z user145 Android
2025-06-23T12:39:00Z user135 iOS
2025-06-23T11:51:00Z user134 FreeBSD
2025-06-23T10:49:00Z user130 FreeBSD
2025-06-23T12:28:00Z user116 Android
2025-06-23T13:25:00Z user128 Linux
2025-06-23T09:40:00Z user130 FreeBSD
2025-06-23T11:55:00Z user120 macOS
2025-06-23T12:29:00Z user119 FreeBSD
2025-06-23T12:05:00Z user118 FreeBSD
2025-06-23T13:31:00Z user139 Android
2025-06-23T12:20:00Z user121 FreeBSD
2025-06-23T09:58:00Z user106 FreeBSD
2025-06-23T13:06:00Z user100 macOS
2025-06-23T09:55:00Z user125 iOS
2025-06-23T09:14:00Z user137 Linux
2025-06-23T12:11:00Z user134 Linux
2025-06-23T10:20:00Z user137 ChromeOS
2025-06-23T09:29:00Z user101 FreeBSD
2025-06-23T11:53:00Z user109 Windows
2025-06-23T11:15:00Z user140 Windows
2025-06-23T09:34:00Z user139 FreeBSD
2025-06-23T11:14:00Z user139 Android
2025-06-23T10:28:00Z user123 Android
2025-06-23T10:55:00Z user119 iOS
2025-06-23T13:50:00Z user122 macOS
2025-06-23T09:24:00Z user117 iOS
2025-06-23T12:16:00Z user123 Linux
2025-06-23T11:57:00Z user108 macOS
2025-06-23T13:58:00Z user139 ChromeOS
2025-06-23T09:03:00Z user122 Android
2025-06-23T09:02:00Z user119 Linux
2025-06-23T10:39:00Z user108 Linux
2025-06-23T12:36:00Z user135 FreeBSD
2025-06-23T10:37:00Z user147 macOS
2025-06-23T11:12:00Z user105 macOS
2025-06-23T10:11:00Z user149 Windows
2025-06-23T09:10:00Z user127 Linux
2025-06-23T09:36:00Z user138 Windows
2025-06-23T12:26:00Z user148 iOS
2025-06-23T13:18:00Z user118 macOS
2025-06-23T11:09:00Z user132 macOS
2025-06-23T13:47:00Z user104 Android
2025-06-23T12:58:00Z user104 Linux
2025-06-23T10:50:00Z user112 ChromeOS
2025-06-23T12:45:00Z user100 iOS
2025-06-23T12:32:00Z user149 ChromeOS
2025-06-23T10:15:00Z user146 Android
2025-06-23T12:53:00Z user146 FreeBSD
2025-06-23T11:07:00Z user149 Windows
2025-06-23T12:20:00Z user143 macOS
2025-06-23T11:23:00Z user100 Windows
2025-06-23T13:47:00Z user113 iOS
2025-06-23T11:42:00Z user136 ChromeOS
2025-06-23T09:32:00Z user109 FreeBSD
2025-06-23T13:06:00Z user111 macOS
2025-06-23T12:14:00Z user144 iOS
2025-06-23T13:44:00Z user126 iOS
2025-06-23T10:11:00Z user137 macOS
2025-06-23T13:52:00Z user118 Linux
2025-06-23T13:04:00Z user141 Android
2025-06-23T11:33:00Z user132 Android
2025-06-23T12:43:00Z user139 macOS
2025-06-23T13:21:00Z user144 Android
2025-06-23T12:03:00Z user126 ChromeOS
2025-06-23T12:07:00Z user138 Linux
2025-06-23T13:54:00Z user129 Android
2025-06-23T13:44:00Z user132 FreeBSD
2025-06-23T10:16:00Z user102 macOS