[0.046s] DEBUG:colcon:Command line arguments: ['/usr/bin/colcon', 'build', '--symlink-install']
[0.046s] DEBUG:colcon:Parsed command line arguments: Namespace(log_base=None, log_level=None, verb_name='build', build_base='build', install_base='install', merge_install=False, symlink_install=True, test_result_base=None, continue_on_error=False, executor='parallel', parallel_workers=24, event_handlers=None, ignore_user_meta=False, metas=['./colcon.meta'], base_paths=['.'], packages_ignore=None, packages_ignore_regex=None, paths=None, packages_up_to=None, packages_up_to_regex=None, packages_above=None, packages_above_and_dependencies=None, packages_above_depth=None, packages_select_by_dep=None, packages_skip_by_dep=None, packages_skip_up_to=None, packages_select_build_failed=False, packages_skip_build_finished=False, packages_select_test_failures=False, packages_skip_test_passed=False, packages_select=None, packages_skip=None, packages_select_regex=None, packages_skip_regex=None, packages_start=None, packages_end=None, allow_overriding=[], cmake_args=None, cmake_target=None, cmake_target_skip_unavailable=False, cmake_clean_cache=False, cmake_clean_first=False, cmake_force_configure=False, ament_cmake_args=None, catkin_cmake_args=None, catkin_skip_building_tests=False, verb_parser=<colcon_defaults.argument_parser.defaults.DefaultArgumentsDecorator object at 0x766f97485fa0>, verb_extension=<colcon_core.verb.build.BuildVerb object at 0x766f97485c70>, main=<bound method BuildVerb.main of <colcon_core.verb.build.BuildVerb object at 0x766f97485c70>>)
[0.064s] Level 1:colcon.colcon_core.package_discovery:discover_packages(colcon_meta) check parameters
[0.064s] Level 1:colcon.colcon_core.package_discovery:discover_packages(recursive) check parameters
[0.064s] Level 1:colcon.colcon_core.package_discovery:discover_packages(ignore) check parameters
[0.064s] Level 1:colcon.colcon_core.package_discovery:discover_packages(path) check parameters
[0.064s] Level 1:colcon.colcon_core.package_discovery:discover_packages(colcon_meta) discover
[0.064s] Level 1:colcon.colcon_core.package_discovery:discover_packages(recursive) discover
[0.064s] INFO:colcon.colcon_core.package_discovery:Crawling recursively for packages in '/home/als0079/Desktop/oneDayOneCode/can_ros2_practice'
[0.064s] Level 1:colcon.colcon_core.package_identification:_identify(.) by extensions ['ignore', 'ignore_ament_install']
[0.064s] Level 1:colcon.colcon_core.package_identification:_identify(.) by extension 'ignore'
[0.064s] Level 1:colcon.colcon_core.package_identification:_identify(.) by extension 'ignore_ament_install'
[0.064s] Level 1:colcon.colcon_core.package_identification:_identify(.) by extensions ['colcon_pkg']
[0.064s] Level 1:colcon.colcon_core.package_identification:_identify(.) by extension 'colcon_pkg'
[0.064s] Level 1:colcon.colcon_core.package_identification:_identify(.) by extensions ['colcon_meta']
[0.064s] Level 1:colcon.colcon_core.package_identification:_identify(.) by extension 'colcon_meta'
[0.064s] Level 1:colcon.colcon_core.package_identification:_identify(.) by extensions ['ros']
[0.064s] Level 1:colcon.colcon_core.package_identification:_identify(.) by extension 'ros'
[0.078s] DEBUG:colcon.colcon_core.package_identification:Package '.' with type 'ros.ament_cmake' and name 'can_ros2_practice'
[0.078s] Level 1:colcon.colcon_core.package_discovery:discover_packages(recursive) using defaults
[0.078s] Level 1:colcon.colcon_core.package_discovery:discover_packages(ignore) discover
[0.078s] Level 1:colcon.colcon_core.package_discovery:discover_packages(ignore) using defaults
[0.078s] Level 1:colcon.colcon_core.package_discovery:discover_packages(path) discover
[0.078s] Level 1:colcon.colcon_core.package_discovery:discover_packages(path) using defaults
[0.086s] Level 1:colcon.colcon_core.package_discovery:discover_packages(prefix_path) check parameters
[0.086s] Level 1:colcon.colcon_core.package_discovery:discover_packages(prefix_path) discover
[0.087s] DEBUG:colcon.colcon_installed_package_information.package_discovery:Found 294 installed packages in /opt/ros/jazzy
[0.087s] Level 1:colcon.colcon_core.package_discovery:discover_packages(prefix_path) using defaults
[0.104s] Level 5:colcon.colcon_core.verb:set package 'can_ros2_practice' build argument 'cmake_args' from command line to 'None'
[0.104s] Level 5:colcon.colcon_core.verb:set package 'can_ros2_practice' build argument 'cmake_target' from command line to 'None'
[0.104s] Level 5:colcon.colcon_core.verb:set package 'can_ros2_practice' build argument 'cmake_target_skip_unavailable' from command line to 'False'
[0.104s] Level 5:colcon.colcon_core.verb:set package 'can_ros2_practice' build argument 'cmake_clean_cache' from command line to 'False'
[0.104s] Level 5:colcon.colcon_core.verb:set package 'can_ros2_practice' build argument 'cmake_clean_first' from command line to 'False'
[0.104s] Level 5:colcon.colcon_core.verb:set package 'can_ros2_practice' build argument 'cmake_force_configure' from command line to 'False'
[0.104s] Level 5:colcon.colcon_core.verb:set package 'can_ros2_practice' build argument 'ament_cmake_args' from command line to 'None'
[0.104s] Level 5:colcon.colcon_core.verb:set package 'can_ros2_practice' build argument 'catkin_cmake_args' from command line to 'None'
[0.104s] Level 5:colcon.colcon_core.verb:set package 'can_ros2_practice' build argument 'catkin_skip_building_tests' from command line to 'False'
[0.104s] DEBUG:colcon.colcon_core.verb:Building package 'can_ros2_practice' with the following arguments: {'ament_cmake_args': None, 'build_base': '/home/als0079/Desktop/oneDayOneCode/can_ros2_practice/build/can_ros2_practice', 'catkin_cmake_args': None, 'catkin_skip_building_tests': False, 'cmake_args': None, 'cmake_clean_cache': False, 'cmake_clean_first': False, 'cmake_force_configure': False, 'cmake_target': None, 'cmake_target_skip_unavailable': False, 'install_base': '/home/als0079/Desktop/oneDayOneCode/can_ros2_practice/install/can_ros2_practice', 'merge_install': False, 'path': '/home/als0079/Desktop/oneDayOneCode/can_ros2_practice', 'symlink_install': True, 'test_result_base': None}
[0.104s] INFO:colcon.colcon_core.executor:Executing jobs using 'parallel' executor
[0.105s] DEBUG:colcon.colcon_parallel_executor.executor.parallel:run_until_complete
[0.105s] INFO:colcon.colcon_ros.task.ament_cmake.build:Building ROS package in '/home/als0079/Desktop/oneDayOneCode/can_ros2_practice' with build type 'ament_cmake'
[0.105s] INFO:colcon.colcon_cmake.task.cmake.build:Building CMake package in '/home/als0079/Desktop/oneDayOneCode/can_ros2_practice'
[0.106s] INFO:colcon.colcon_core.plugin_system:Skipping extension 'colcon_core.shell.bat': Not used on non-Windows systems
[0.106s] INFO:colcon.colcon_core.shell:Skip shell extension 'powershell' for command environment: Not usable outside of PowerShell
[0.106s] DEBUG:colcon.colcon_core.shell:Skip shell extension 'dsv' for command environment
[0.109s] DEBUG:colcon.colcon_core.event_handler.log_command:Invoking command in '/home/als0079/Desktop/oneDayOneCode/can_ros2_practice/build/can_ros2_practice': CMAKE_PREFIX_PATH=${CMAKE_PREFIX_PATH}:/opt/ros/jazzy DEBUGINFOD_URLS=https://debuginfod.ubuntu.com /usr/bin/cmake /home/als0079/Desktop/oneDayOneCode/can_ros2_practice -DAMENT_CMAKE_SYMLINK_INSTALL=1 -DCMAKE_INSTALL_PREFIX=/home/als0079/Desktop/oneDayOneCode/can_ros2_practice/install/can_ros2_practice
[0.716s] DEBUG:colcon.colcon_core.event_handler.log_command:Invoked command in '/home/als0079/Desktop/oneDayOneCode/can_ros2_practice/build/can_ros2_practice' returned '0': CMAKE_PREFIX_PATH=${CMAKE_PREFIX_PATH}:/opt/ros/jazzy DEBUGINFOD_URLS=https://debuginfod.ubuntu.com /usr/bin/cmake /home/als0079/Desktop/oneDayOneCode/can_ros2_practice -DAMENT_CMAKE_SYMLINK_INSTALL=1 -DCMAKE_INSTALL_PREFIX=/home/als0079/Desktop/oneDayOneCode/can_ros2_practice/install/can_ros2_practice
[0.717s] DEBUG:colcon.colcon_core.event_handler.log_command:Invoking command in '/home/als0079/Desktop/oneDayOneCode/can_ros2_practice/build/can_ros2_practice': CMAKE_PREFIX_PATH=${CMAKE_PREFIX_PATH}:/opt/ros/jazzy DEBUGINFOD_URLS=https://debuginfod.ubuntu.com /usr/bin/cmake --build /home/als0079/Desktop/oneDayOneCode/can_ros2_practice/build/can_ros2_practice -- -j24 -l24
[4.482s] DEBUG:colcon.colcon_core.event_handler.log_command:Invoked command in '/home/als0079/Desktop/oneDayOneCode/can_ros2_practice/build/can_ros2_practice' returned '0': CMAKE_PREFIX_PATH=${CMAKE_PREFIX_PATH}:/opt/ros/jazzy DEBUGINFOD_URLS=https://debuginfod.ubuntu.com /usr/bin/cmake --build /home/als0079/Desktop/oneDayOneCode/can_ros2_practice/build/can_ros2_practice -- -j24 -l24
[4.487s] DEBUG:colcon.colcon_core.event_handler.log_command:Invoking command in '/home/als0079/Desktop/oneDayOneCode/can_ros2_practice/build/can_ros2_practice': CMAKE_PREFIX_PATH=${CMAKE_PREFIX_PATH}:/opt/ros/jazzy DEBUGINFOD_URLS=https://debuginfod.ubuntu.com /usr/bin/cmake --install /home/als0079/Desktop/oneDayOneCode/can_ros2_practice/build/can_ros2_practice
[4.563s] Level 1:colcon.colcon_core.environment:create_environment_scripts_only(can_ros2_practice)
[4.563s] DEBUG:colcon.colcon_core.event_handler.log_command:Invoked command in '/home/als0079/Desktop/oneDayOneCode/can_ros2_practice/build/can_ros2_practice' returned '0': CMAKE_PREFIX_PATH=${CMAKE_PREFIX_PATH}:/opt/ros/jazzy DEBUGINFOD_URLS=https://debuginfod.ubuntu.com /usr/bin/cmake --install /home/als0079/Desktop/oneDayOneCode/can_ros2_practice/build/can_ros2_practice
[4.564s] Level 1:colcon.colcon_core.environment:checking '/home/als0079/Desktop/oneDayOneCode/can_ros2_practice/install/can_ros2_practice' for CMake module files
[4.564s] Level 1:colcon.colcon_core.environment:checking '/home/als0079/Desktop/oneDayOneCode/can_ros2_practice/install/can_ros2_practice' for CMake config files
[4.564s] Level 1:colcon.colcon_core.shell:create_environment_hook('can_ros2_practice', 'cmake_prefix_path')
[4.564s] INFO:colcon.colcon_core.shell:Creating environment hook '/home/als0079/Desktop/oneDayOneCode/can_ros2_practice/install/can_ros2_practice/share/can_ros2_practice/hook/cmake_prefix_path.ps1'
[4.570s] INFO:colcon.colcon_core.shell:Creating environment descriptor '/home/als0079/Desktop/oneDayOneCode/can_ros2_practice/install/can_ros2_practice/share/can_ros2_practice/hook/cmake_prefix_path.dsv'
[4.570s] INFO:colcon.colcon_core.shell:Creating environment hook '/home/als0079/Desktop/oneDayOneCode/can_ros2_practice/install/can_ros2_practice/share/can_ros2_practice/hook/cmake_prefix_path.sh'
[4.571s] Level 1:colcon.colcon_core.environment:checking '/home/als0079/Desktop/oneDayOneCode/can_ros2_practice/install/can_ros2_practice/lib'
[4.571s] Level 1:colcon.colcon_core.environment:checking '/home/als0079/Desktop/oneDayOneCode/can_ros2_practice/install/can_ros2_practice/bin'
[4.571s] Level 1:colcon.colcon_core.environment:checking '/home/als0079/Desktop/oneDayOneCode/can_ros2_practice/install/can_ros2_practice/lib/pkgconfig/can_ros2_practice.pc'
[4.571s] Level 1:colcon.colcon_core.environment:checking '/home/als0079/Desktop/oneDayOneCode/can_ros2_practice/install/can_ros2_practice/lib/python3.12/site-packages'
[4.571s] Level 1:colcon.colcon_core.environment:checking '/home/als0079/Desktop/oneDayOneCode/can_ros2_practice/install/can_ros2_practice/bin'
[4.571s] INFO:colcon.colcon_core.shell:Creating package script '/home/als0079/Desktop/oneDayOneCode/can_ros2_practice/install/can_ros2_practice/share/can_ros2_practice/package.ps1'
[4.572s] INFO:colcon.colcon_core.shell:Creating package descriptor '/home/als0079/Desktop/oneDayOneCode/can_ros2_practice/install/can_ros2_practice/share/can_ros2_practice/package.dsv'
[4.572s] INFO:colcon.colcon_core.shell:Creating package script '/home/als0079/Desktop/oneDayOneCode/can_ros2_practice/install/can_ros2_practice/share/can_ros2_practice/package.sh'
[4.572s] INFO:colcon.colcon_core.shell:Creating package script '/home/als0079/Desktop/oneDayOneCode/can_ros2_practice/install/can_ros2_practice/share/can_ros2_practice/package.bash'
[4.572s] INFO:colcon.colcon_core.shell:Creating package script '/home/als0079/Desktop/oneDayOneCode/can_ros2_practice/install/can_ros2_practice/share/can_ros2_practice/package.zsh'
[4.573s] Level 1:colcon.colcon_core.environment:create_file_with_runtime_dependencies(/home/als0079/Desktop/oneDayOneCode/can_ros2_practice/install/can_ros2_practice/share/colcon-core/packages/can_ros2_practice)
[4.573s] Level 1:colcon.colcon_core.environment:create_environment_scripts_only(can_ros2_practice)
[4.573s] Level 1:colcon.colcon_core.environment:checking '/home/als0079/Desktop/oneDayOneCode/can_ros2_practice/install/can_ros2_practice' for CMake module files
[4.573s] Level 1:colcon.colcon_core.environment:checking '/home/als0079/Desktop/oneDayOneCode/can_ros2_practice/install/can_ros2_practice' for CMake config files
[4.573s] Level 1:colcon.colcon_core.shell:create_environment_hook('can_ros2_practice', 'cmake_prefix_path')
[4.573s] INFO:colcon.colcon_core.shell:Creating environment hook '/home/als0079/Desktop/oneDayOneCode/can_ros2_practice/install/can_ros2_practice/share/can_ros2_practice/hook/cmake_prefix_path.ps1'
[4.573s] INFO:colcon.colcon_core.shell:Creating environment descriptor '/home/als0079/Desktop/oneDayOneCode/can_ros2_practice/install/can_ros2_practice/share/can_ros2_practice/hook/cmake_prefix_path.dsv'
[4.573s] INFO:colcon.colcon_core.shell:Creating environment hook '/home/als0079/Desktop/oneDayOneCode/can_ros2_practice/install/can_ros2_practice/share/can_ros2_practice/hook/cmake_prefix_path.sh'
[4.574s] Level 1:colcon.colcon_core.environment:checking '/home/als0079/Desktop/oneDayOneCode/can_ros2_practice/install/can_ros2_practice/lib'
[4.574s] Level 1:colcon.colcon_core.environment:checking '/home/als0079/Desktop/oneDayOneCode/can_ros2_practice/install/can_ros2_practice/bin'
[4.574s] Level 1:colcon.colcon_core.environment:checking '/home/als0079/Desktop/oneDayOneCode/can_ros2_practice/install/can_ros2_practice/lib/pkgconfig/can_ros2_practice.pc'
[4.574s] Level 1:colcon.colcon_core.environment:checking '/home/als0079/Desktop/oneDayOneCode/can_ros2_practice/install/can_ros2_practice/lib/python3.12/site-packages'
[4.574s] Level 1:colcon.colcon_core.environment:checking '/home/als0079/Desktop/oneDayOneCode/can_ros2_practice/install/can_ros2_practice/bin'
[4.574s] INFO:colcon.colcon_core.shell:Creating package script '/home/als0079/Desktop/oneDayOneCode/can_ros2_practice/install/can_ros2_practice/share/can_ros2_practice/package.ps1'
[4.574s] INFO:colcon.colcon_core.shell:Creating package descriptor '/home/als0079/Desktop/oneDayOneCode/can_ros2_practice/install/can_ros2_practice/share/can_ros2_practice/package.dsv'
[4.575s] INFO:colcon.colcon_core.shell:Creating package script '/home/als0079/Desktop/oneDayOneCode/can_ros2_practice/install/can_ros2_practice/share/can_ros2_practice/package.sh'
[4.575s] INFO:colcon.colcon_core.shell:Creating package script '/home/als0079/Desktop/oneDayOneCode/can_ros2_practice/install/can_ros2_practice/share/can_ros2_practice/package.bash'
[4.575s] INFO:colcon.colcon_core.shell:Creating package script '/home/als0079/Desktop/oneDayOneCode/can_ros2_practice/install/can_ros2_practice/share/can_ros2_practice/package.zsh'
[4.575s] Level 1:colcon.colcon_core.environment:create_file_with_runtime_dependencies(/home/als0079/Desktop/oneDayOneCode/can_ros2_practice/install/can_ros2_practice/share/colcon-core/packages/can_ros2_practice)
[4.575s] DEBUG:colcon.colcon_parallel_executor.executor.parallel:closing loop
[4.575s] DEBUG:colcon.colcon_parallel_executor.executor.parallel:loop closed
[4.575s] DEBUG:colcon.colcon_parallel_executor.executor.parallel:run_until_complete finished with '0'
[4.575s] DEBUG:colcon.colcon_core.event_reactor:joining thread
[4.578s] INFO:colcon.colcon_core.plugin_system:Skipping extension 'colcon_notification.desktop_notification.terminal_notifier': Not used on non-Darwin systems
[4.578s] INFO:colcon.colcon_core.plugin_system:Skipping extension 'colcon_notification.desktop_notification.win32': Not used on non-Windows systems
[4.578s] INFO:colcon.colcon_notification.desktop_notification:Sending desktop notification using 'notify2'
[4.585s] DEBUG:colcon.colcon_core.event_reactor:joined thread
[4.585s] INFO:colcon.colcon_core.shell:Creating prefix script '/home/als0079/Desktop/oneDayOneCode/can_ros2_practice/install/local_setup.ps1'
[4.585s] INFO:colcon.colcon_core.shell:Creating prefix util module '/home/als0079/Desktop/oneDayOneCode/can_ros2_practice/install/_local_setup_util_ps1.py'
[4.586s] INFO:colcon.colcon_core.shell:Creating prefix chain script '/home/als0079/Desktop/oneDayOneCode/can_ros2_practice/install/setup.ps1'
[4.586s] INFO:colcon.colcon_core.shell:Creating prefix script '/home/als0079/Desktop/oneDayOneCode/can_ros2_practice/install/local_setup.sh'
[4.586s] INFO:colcon.colcon_core.shell:Creating prefix util module '/home/als0079/Desktop/oneDayOneCode/can_ros2_practice/install/_local_setup_util_sh.py'
[4.587s] INFO:colcon.colcon_core.shell:Creating prefix chain script '/home/als0079/Desktop/oneDayOneCode/can_ros2_practice/install/setup.sh'
[4.587s] INFO:colcon.colcon_core.shell:Creating prefix script '/home/als0079/Desktop/oneDayOneCode/can_ros2_practice/install/local_setup.bash'
[4.587s] INFO:colcon.colcon_core.shell:Creating prefix chain script '/home/als0079/Desktop/oneDayOneCode/can_ros2_practice/install/setup.bash'
[4.587s] INFO:colcon.colcon_core.shell:Creating prefix script '/home/als0079/Desktop/oneDayOneCode/can_ros2_practice/install/local_setup.zsh'
[4.587s] INFO:colcon.colcon_core.shell:Creating prefix chain script '/home/als0079/Desktop/oneDayOneCode/can_ros2_practice/install/setup.zsh'
