-- The C compiler identification is GNU 13.3.0
-- The CXX compiler identification is GNU 13.3.0
-- Detecting C compiler ABI info
-- Detecting C compiler ABI info - done
-- Check for working C compiler: /usr/bin/cc - skipped
-- Detecting C compile features
-- Detecting C compile features - done
-- Detecting CXX compiler ABI info
-- Detecting CXX compiler ABI info - done
-- Check for working CXX compiler: /usr/bin/c++ - skipped
-- Detecting CXX compile features
-- Detecting CXX compile features - done
-- Found ament_cmake: 2.5.6 (/opt/ros/jazzy/share/ament_cmake/cmake)
-- Found Python3: /usr/bin/python3 (found version "3.12.3") found components: Interpreter 
-- Override CMake install command with custom implementation using symlinks instead of copying resources
-- Found rclcpp: 28.1.18 (/opt/ros/jazzy/share/rclcpp/cmake)
-- Found rosidl_generator_c: 4.6.7 (/opt/ros/jazzy/share/rosidl_generator_c/cmake)
-- Found rosidl_generator_cpp: 4.6.7 (/opt/ros/jazzy/share/rosidl_generator_cpp/cmake)
-- Using all available rosidl_typesupport_c: rosidl_typesupport_fastrtps_c;rosidl_typesupport_introspection_c
-- Using all available rosidl_typesupport_cpp: rosidl_typesupport_fastrtps_cpp;rosidl_typesupport_introspection_cpp
-- Found rmw_implementation_cmake: 7.3.3 (/opt/ros/jazzy/share/rmw_implementation_cmake/cmake)
-- Found rmw_fastrtps_cpp: 8.4.3 (/opt/ros/jazzy/share/rmw_fastrtps_cpp/cmake)
-- Found OpenSSL: /usr/lib/x86_64-linux-gnu/libcrypto.so (found version "3.0.13")  
-- Found FastRTPS: /opt/ros/jazzy/include (Required is at least version "2.13") 
-- Using RMW implementation 'rmw_fastrtps_cpp' as default
-- Found can_msgs: 2.0.0 (/opt/ros/jazzy/share/can_msgs/cmake)
-- Found ament_lint_auto: 0.17.5 (/opt/ros/jazzy/share/ament_lint_auto/cmake)
-- Added test 'cppcheck' to perform static code analysis on C / C++ code
-- Configured cppcheck include dirs: 
-- Configured cppcheck exclude dirs and/or files: 
-- Added test 'lint_cmake' to check CMake code style
-- Added test 'uncrustify' to check C / C++ code style
-- Configured uncrustify additional arguments: 
-- Added test 'xmllint' to check XML markup files
-- Configuring done (0.6s)
-- Generating done (0.0s)
-- Build files have been written to: /home/als0079/Desktop/oneDayOneCode/can_ros2_practice/build/can_ros2_practice
[ 50%] [32mBuilding CXX object CMakeFiles/speed_monitor_node.dir/src/speed_monitor_node.cpp.o[0m
[100%] [32m[1mLinking CXX executable speed_monitor_node[0m
[100%] Built target speed_monitor_node
-- Install configuration: ""
-- Execute custom install script
-- Symlinking: /home/als0079/Desktop/oneDayOneCode/can_ros2_practice/install/can_ros2_practice/lib/can_ros2_practice/speed_monitor_node
-- Symlinking: /home/als0079/Desktop/oneDayOneCode/can_ros2_practice/install/can_ros2_practice/share/ament_index/resource_index/package_run_dependencies/can_ros2_practice
-- Symlinking: /home/als0079/Desktop/oneDayOneCode/can_ros2_practice/install/can_ros2_practice/share/ament_index/resource_index/parent_prefix_path/can_ros2_practice
-- Symlinking: /home/als0079/Desktop/oneDayOneCode/can_ros2_practice/install/can_ros2_practice/share/can_ros2_practice/environment/ament_prefix_path.sh
-- Symlinking: /home/als0079/Desktop/oneDayOneCode/can_ros2_practice/install/can_ros2_practice/share/can_ros2_practice/environment/ament_prefix_path.dsv
-- Symlinking: /home/als0079/Desktop/oneDayOneCode/can_ros2_practice/install/can_ros2_practice/share/can_ros2_practice/environment/path.sh
-- Symlinking: /home/als0079/Desktop/oneDayOneCode/can_ros2_practice/install/can_ros2_practice/share/can_ros2_practice/environment/path.dsv
-- Symlinking: /home/als0079/Desktop/oneDayOneCode/can_ros2_practice/install/can_ros2_practice/share/can_ros2_practice/local_setup.bash
-- Symlinking: /home/als0079/Desktop/oneDayOneCode/can_ros2_practice/install/can_ros2_practice/share/can_ros2_practice/local_setup.sh
-- Symlinking: /home/als0079/Desktop/oneDayOneCode/can_ros2_practice/install/can_ros2_practice/share/can_ros2_practice/local_setup.zsh
-- Symlinking: /home/als0079/Desktop/oneDayOneCode/can_ros2_practice/install/can_ros2_practice/share/can_ros2_practice/local_setup.dsv
-- Symlinking: /home/als0079/Desktop/oneDayOneCode/can_ros2_practice/install/can_ros2_practice/share/can_ros2_practice/package.dsv
-- Symlinking: /home/als0079/Desktop/oneDayOneCode/can_ros2_practice/install/can_ros2_practice/share/ament_index/resource_index/packages/can_ros2_practice
-- Symlinking: /home/als0079/Desktop/oneDayOneCode/can_ros2_practice/install/can_ros2_practice/share/can_ros2_practice/cmake/can_ros2_practiceConfig.cmake
-- Symlinking: /home/als0079/Desktop/oneDayOneCode/can_ros2_practice/install/can_ros2_practice/share/can_ros2_practice/cmake/can_ros2_practiceConfig-version.cmake
-- Symlinking: /home/als0079/Desktop/oneDayOneCode/can_ros2_practice/install/can_ros2_practice/share/can_ros2_practice/package.xml
